12-04-02024 [restartedMain] INFO  com.demo.DemoLoggingApplication - Starting DemoLoggingApplication using Java 17.0.9 with PID 10344 (C:\progetti\java\DemoLogging\target\classes started by rg300 in C:\progetti\java\DemoLogging)
12-04-02024 [restartedMain] INFO  com.demo.DemoLoggingApplication - No active profile set, falling back to 1 default profile: "default"
12-04-02024 [restartedMain] INFO  o.s.b.d.e.DevToolsPropertyDefaultsPostProcessor - Devtools property defaults active! Set 'spring.devtools.add-properties' to 'false' to disable
12-04-02024 [restartedMain] INFO  o.s.b.d.e.DevToolsPropertyDefaultsPostProcessor - For additional web related logging consider setting the 'logging.level.web' property to 'DEBUG'
12-04-02024 [restartedMain] INFO  o.s.b.w.e.tomcat.TomcatWebServer - Tomcat initialized with port 8082 (http)
12-04-02024 [restartedMain] INFO  o.a.catalina.core.StandardService - Starting service [Tomcat]
12-04-02024 [restartedMain] INFO  o.a.catalina.core.StandardEngine - Starting Servlet engine: [Apache Tomcat/10.1.19]
12-04-02024 [restartedMain] INFO  o.a.c.c.C.[Tomcat].[localhost].[/] - Initializing Spring embedded WebApplicationContext
12-04-02024 [restartedMain] INFO  o.s.b.w.s.c.ServletWebServerApplicationContext - Root WebApplicationContext: initialization completed in 646 ms
12-04-02024 [restartedMain] INFO  o.s.b.d.a.OptionalLiveReloadServer - LiveReload server is running on port 35729
12-04-02024 [restartedMain] INFO  o.s.b.w.e.tomcat.TomcatWebServer - Tomcat started on port 8082 (http) with context path ''
12-04-02024 [restartedMain] INFO  com.demo.DemoLoggingApplication - Started DemoLoggingApplication in 1.276 seconds (process running for 1.715)
12-04-02024 [RMI TCP Connection(11)-127.0.0.1] INFO  o.s.b.a.SpringApplicationAdminMXBeanRegistrar$SpringApplicationAdmin - Application shutdown requested.
12-04-02024 [restartedMain] INFO  com.demo.DemoLoggingApplication - Starting DemoLoggingApplication using Java 17.0.9 with PID 12356 (C:\progetti\java\DemoLogging\target\classes started by rg300 in C:\progetti\java\DemoLogging)
12-04-02024 [restartedMain] INFO  com.demo.DemoLoggingApplication - No active profile set, falling back to 1 default profile: "default"
12-04-02024 [restartedMain] INFO  o.s.b.d.e.DevToolsPropertyDefaultsPostProcessor - Devtools property defaults active! Set 'spring.devtools.add-properties' to 'false' to disable
12-04-02024 [restartedMain] INFO  o.s.b.d.e.DevToolsPropertyDefaultsPostProcessor - For additional web related logging consider setting the 'logging.level.web' property to 'DEBUG'
12-04-02024 [restartedMain] INFO  o.s.b.w.e.tomcat.TomcatWebServer - Tomcat initialized with port 8082 (http)
12-04-02024 [restartedMain] INFO  o.a.catalina.core.StandardService - Starting service [Tomcat]
12-04-02024 [restartedMain] INFO  o.a.catalina.core.StandardEngine - Starting Servlet engine: [Apache Tomcat/10.1.19]
12-04-02024 [restartedMain] INFO  o.a.c.c.C.[Tomcat].[localhost].[/] - Initializing Spring embedded WebApplicationContext
12-04-02024 [restartedMain] INFO  o.s.b.w.s.c.ServletWebServerApplicationContext - Root WebApplicationContext: initialization completed in 629 ms
12-04-02024 [restartedMain] INFO  o.s.b.d.a.OptionalLiveReloadServer - LiveReload server is running on port 35729
12-04-02024 [restartedMain] INFO  o.s.b.w.e.tomcat.TomcatWebServer - Tomcat started on port 8082 (http) with context path ''
12-04-02024 [restartedMain] INFO  com.demo.DemoLoggingApplication - Started DemoLoggingApplication in 1.248 seconds (process running for 1.677)
12-04-02024 [RMI TCP Connection(68)-127.0.0.1] INFO  o.s.b.a.SpringApplicationAdminMXBeanRegistrar$SpringApplicationAdmin - Application shutdown requested.
12-04-02024 [restartedMain] INFO  com.demo.DemoLoggingApplication - Starting DemoLoggingApplication using Java 17.0.9 with PID 36348 (C:\progetti\java\DemoLogging\target\classes started by rg300 in C:\progetti\java\DemoLogging)
12-04-02024 [restartedMain] INFO  com.demo.DemoLoggingApplication - No active profile set, falling back to 1 default profile: "default"
12-04-02024 [restartedMain] INFO  o.s.b.d.e.DevToolsPropertyDefaultsPostProcessor - Devtools property defaults active! Set 'spring.devtools.add-properties' to 'false' to disable
12-04-02024 [restartedMain] INFO  o.s.b.d.e.DevToolsPropertyDefaultsPostProcessor - For additional web related logging consider setting the 'logging.level.web' property to 'DEBUG'
12-04-02024 [restartedMain] INFO  o.s.b.w.e.tomcat.TomcatWebServer - Tomcat initialized with port 8082 (http)
12-04-02024 [restartedMain] INFO  o.a.catalina.core.StandardService - Starting service [Tomcat]
12-04-02024 [restartedMain] INFO  o.a.catalina.core.StandardEngine - Starting Servlet engine: [Apache Tomcat/10.1.19]
12-04-02024 [restartedMain] INFO  o.a.c.c.C.[Tomcat].[localhost].[/] - Initializing Spring embedded WebApplicationContext
12-04-02024 [restartedMain] INFO  o.s.b.w.s.c.ServletWebServerApplicationContext - Root WebApplicationContext: initialization completed in 674 ms
12-04-02024 [restartedMain] INFO  o.s.b.d.a.OptionalLiveReloadServer - LiveReload server is running on port 35729
12-04-02024 [restartedMain] INFO  o.s.b.w.e.tomcat.TomcatWebServer - Tomcat started on port 8082 (http) with context path ''
12-04-02024 [restartedMain] INFO  com.demo.DemoLoggingApplication - Started DemoLoggingApplication in 1.341 seconds (process running for 1.762)
12-04-02024 [http-nio-8082-exec-1] INFO  o.a.c.c.C.[Tomcat].[localhost].[/] - Initializing Spring DispatcherServlet 'dispatcherServlet'
12-04-02024 [http-nio-8082-exec-1] INFO  o.s.web.servlet.DispatcherServlet - Initializing Servlet 'dispatcherServlet'
12-04-02024 [http-nio-8082-exec-1] INFO  o.s.web.servlet.DispatcherServlet - Completed initialization in 1 ms
12-04-02024 [RMI TCP Connection(11)-127.0.0.1] INFO  o.s.b.a.SpringApplicationAdminMXBeanRegistrar$SpringApplicationAdmin - Application shutdown requested.
12-04-02024 [restartedMain] INFO  com.demo.DemoLoggingApplication - Starting DemoLoggingApplication using Java 17.0.9 with PID 41968 (C:\progetti\java\DemoLogging\target\classes started by rg300 in C:\progetti\java\DemoLogging)
12-04-02024 [restartedMain] INFO  com.demo.DemoLoggingApplication - No active profile set, falling back to 1 default profile: "default"
12-04-02024 [restartedMain] INFO  o.s.b.d.e.DevToolsPropertyDefaultsPostProcessor - Devtools property defaults active! Set 'spring.devtools.add-properties' to 'false' to disable
12-04-02024 [restartedMain] INFO  o.s.b.d.e.DevToolsPropertyDefaultsPostProcessor - For additional web related logging consider setting the 'logging.level.web' property to 'DEBUG'
12-04-02024 [restartedMain] INFO  o.s.b.w.e.tomcat.TomcatWebServer - Tomcat initialized with port 8082 (http)
12-04-02024 [restartedMain] INFO  o.a.catalina.core.StandardService - Starting service [Tomcat]
12-04-02024 [restartedMain] INFO  o.a.catalina.core.StandardEngine - Starting Servlet engine: [Apache Tomcat/10.1.19]
12-04-02024 [restartedMain] INFO  o.a.c.c.C.[Tomcat].[localhost].[/] - Initializing Spring embedded WebApplicationContext
12-04-02024 [restartedMain] INFO  o.s.b.w.s.c.ServletWebServerApplicationContext - Root WebApplicationContext: initialization completed in 668 ms
12-04-02024 [restartedMain] INFO  o.s.b.d.a.OptionalLiveReloadServer - LiveReload server is running on port 35729
12-04-02024 [restartedMain] INFO  o.s.b.w.e.tomcat.TomcatWebServer - Tomcat started on port 8082 (http) with context path ''
12-04-02024 [restartedMain] INFO  com.demo.DemoLoggingApplication - Started DemoLoggingApplication in 1.299 seconds (process running for 1.787)
12-04-02024 [http-nio-8082-exec-1] INFO  o.a.c.c.C.[Tomcat].[localhost].[/] - Initializing Spring DispatcherServlet 'dispatcherServlet'
12-04-02024 [http-nio-8082-exec-1] INFO  o.s.web.servlet.DispatcherServlet - Initializing Servlet 'dispatcherServlet'
12-04-02024 [http-nio-8082-exec-1] INFO  o.s.web.servlet.DispatcherServlet - Completed initialization in 1 ms
12-04-02024 [RMI TCP Connection(11)-127.0.0.1] INFO  o.s.b.a.SpringApplicationAdminMXBeanRegistrar$SpringApplicationAdmin - Application shutdown requested.
12-04-02024 [restartedMain] INFO  com.demo.DemoLoggingApplication - Starting DemoLoggingApplication using Java 17.0.9 with PID 42356 (C:\progetti\java\DemoLogging\target\classes started by rg300 in C:\progetti\java\DemoLogging)
12-04-02024 [restartedMain] INFO  com.demo.DemoLoggingApplication - No active profile set, falling back to 1 default profile: "default"
12-04-02024 [restartedMain] INFO  o.s.b.d.e.DevToolsPropertyDefaultsPostProcessor - Devtools property defaults active! Set 'spring.devtools.add-properties' to 'false' to disable
12-04-02024 [restartedMain] INFO  o.s.b.d.e.DevToolsPropertyDefaultsPostProcessor - For additional web related logging consider setting the 'logging.level.web' property to 'DEBUG'
12-04-02024 [restartedMain] INFO  o.s.b.w.e.tomcat.TomcatWebServer - Tomcat initialized with port 8082 (http)
12-04-02024 [restartedMain] INFO  o.a.catalina.core.StandardService - Starting service [Tomcat]
12-04-02024 [restartedMain] INFO  o.a.catalina.core.StandardEngine - Starting Servlet engine: [Apache Tomcat/10.1.19]
12-04-02024 [restartedMain] INFO  o.a.c.c.C.[Tomcat].[localhost].[/] - Initializing Spring embedded WebApplicationContext
12-04-02024 [restartedMain] INFO  o.s.b.w.s.c.ServletWebServerApplicationContext - Root WebApplicationContext: initialization completed in 666 ms
12-04-02024 [restartedMain] INFO  o.s.b.d.a.OptionalLiveReloadServer - LiveReload server is running on port 35729
12-04-02024 [restartedMain] INFO  o.s.b.w.e.tomcat.TomcatWebServer - Tomcat started on port 8082 (http) with context path ''
12-04-02024 [restartedMain] INFO  com.demo.DemoLoggingApplication - Started DemoLoggingApplication in 1.295 seconds (process running for 1.714)
12-04-02024 [RMI TCP Connection(6)-127.0.0.1] INFO  o.s.b.a.SpringApplicationAdminMXBeanRegistrar$SpringApplicationAdmin - Application shutdown requested.
12-04-02024 [restartedMain] INFO  com.demo.DemoLoggingApplication - Starting DemoLoggingApplication using Java 17.0.9 with PID 43868 (C:\progetti\java\DemoLogging\target\classes started by rg300 in C:\progetti\java\DemoLogging)
12-04-02024 [restartedMain] INFO  com.demo.DemoLoggingApplication - No active profile set, falling back to 1 default profile: "default"
12-04-02024 [restartedMain] INFO  o.s.b.d.e.DevToolsPropertyDefaultsPostProcessor - Devtools property defaults active! Set 'spring.devtools.add-properties' to 'false' to disable
12-04-02024 [restartedMain] INFO  o.s.b.d.e.DevToolsPropertyDefaultsPostProcessor - For additional web related logging consider setting the 'logging.level.web' property to 'DEBUG'
12-04-02024 [restartedMain] INFO  o.s.b.w.e.tomcat.TomcatWebServer - Tomcat initialized with port 8082 (http)
12-04-02024 [restartedMain] INFO  o.a.catalina.core.StandardService - Starting service [Tomcat]
12-04-02024 [restartedMain] INFO  o.a.catalina.core.StandardEngine - Starting Servlet engine: [Apache Tomcat/10.1.19]
12-04-02024 [restartedMain] INFO  o.a.c.c.C.[Tomcat].[localhost].[/] - Initializing Spring embedded WebApplicationContext
12-04-02024 [restartedMain] INFO  o.s.b.w.s.c.ServletWebServerApplicationContext - Root WebApplicationContext: initialization completed in 663 ms
12-04-02024 [restartedMain] INFO  o.s.b.d.a.OptionalLiveReloadServer - LiveReload server is running on port 35729
12-04-02024 [restartedMain] INFO  o.s.b.w.e.tomcat.TomcatWebServer - Tomcat started on port 8082 (http) with context path ''
12-04-02024 [restartedMain] INFO  com.demo.DemoLoggingApplication - Started DemoLoggingApplication in 1.279 seconds (process running for 1.706)
12-04-02024 [http-nio-8082-exec-1] INFO  o.a.c.c.C.[Tomcat].[localhost].[/] - Initializing Spring DispatcherServlet 'dispatcherServlet'
12-04-02024 [http-nio-8082-exec-1] INFO  o.s.web.servlet.DispatcherServlet - Initializing Servlet 'dispatcherServlet'
12-04-02024 [http-nio-8082-exec-1] INFO  o.s.web.servlet.DispatcherServlet - Completed initialization in 1 ms
12-04-02024 [http-nio-8082-exec-1] INFO  com.demo.HelloWorldController - Sono dentro helloWorld metodo
12-04-02024 [RMI TCP Connection(11)-127.0.0.1] INFO  o.s.b.a.SpringApplicationAdminMXBeanRegistrar$SpringApplicationAdmin - Application shutdown requested.
12-04-02024 [restartedMain] INFO  com.demo.DemoLoggingApplication - Starting DemoLoggingApplication using Java 17.0.9 with PID 41720 (C:\progetti\java\DemoLogging\target\classes started by rg300 in C:\progetti\java\DemoLogging)
12-04-02024 [restartedMain] INFO  com.demo.DemoLoggingApplication - No active profile set, falling back to 1 default profile: "default"
12-04-02024 [restartedMain] INFO  o.s.b.d.e.DevToolsPropertyDefaultsPostProcessor - Devtools property defaults active! Set 'spring.devtools.add-properties' to 'false' to disable
12-04-02024 [restartedMain] INFO  o.s.b.d.e.DevToolsPropertyDefaultsPostProcessor - For additional web related logging consider setting the 'logging.level.web' property to 'DEBUG'
12-04-02024 [restartedMain] INFO  o.s.b.w.e.tomcat.TomcatWebServer - Tomcat initialized with port 8082 (http)
12-04-02024 [restartedMain] INFO  o.a.catalina.core.StandardService - Starting service [Tomcat]
12-04-02024 [restartedMain] INFO  o.a.catalina.core.StandardEngine - Starting Servlet engine: [Apache Tomcat/10.1.19]
12-04-02024 [restartedMain] INFO  o.a.c.c.C.[Tomcat].[localhost].[/] - Initializing Spring embedded WebApplicationContext
12-04-02024 [restartedMain] INFO  o.s.b.w.s.c.ServletWebServerApplicationContext - Root WebApplicationContext: initialization completed in 650 ms
12-04-02024 [restartedMain] INFO  o.s.b.d.a.OptionalLiveReloadServer - LiveReload server is running on port 35729
12-04-02024 [restartedMain] INFO  o.s.b.w.e.tomcat.TomcatWebServer - Tomcat started on port 8082 (http) with context path ''
12-04-02024 [restartedMain] INFO  com.demo.DemoLoggingApplication - Started DemoLoggingApplication in 1.273 seconds (process running for 1.74)
12-04-02024 [RMI TCP Connection(8)-127.0.0.1] INFO  o.s.b.a.SpringApplicationAdminMXBeanRegistrar$SpringApplicationAdmin - Application shutdown requested.
12-04-02024 [restartedMain] INFO  com.demo.DemoLoggingApplication - Starting DemoLoggingApplication using Java 17.0.9 with PID 15316 (C:\progetti\java\DemoLogging\target\classes started by rg300 in C:\progetti\java\DemoLogging)
12-04-02024 [restartedMain] INFO  com.demo.DemoLoggingApplication - No active profile set, falling back to 1 default profile: "default"
12-04-02024 [restartedMain] INFO  o.s.b.d.e.DevToolsPropertyDefaultsPostProcessor - Devtools property defaults active! Set 'spring.devtools.add-properties' to 'false' to disable
12-04-02024 [restartedMain] INFO  o.s.b.d.e.DevToolsPropertyDefaultsPostProcessor - For additional web related logging consider setting the 'logging.level.web' property to 'DEBUG'
12-04-02024 [restartedMain] INFO  o.s.b.w.e.tomcat.TomcatWebServer - Tomcat initialized with port 8082 (http)
12-04-02024 [restartedMain] INFO  o.a.catalina.core.StandardService - Starting service [Tomcat]
12-04-02024 [restartedMain] INFO  o.a.catalina.core.StandardEngine - Starting Servlet engine: [Apache Tomcat/10.1.19]
12-04-02024 [restartedMain] INFO  o.a.c.c.C.[Tomcat].[localhost].[/] - Initializing Spring embedded WebApplicationContext
12-04-02024 [restartedMain] INFO  o.s.b.w.s.c.ServletWebServerApplicationContext - Root WebApplicationContext: initialization completed in 685 ms
12-04-02024 [restartedMain] INFO  o.s.b.d.a.OptionalLiveReloadServer - LiveReload server is running on port 35729
12-04-02024 [restartedMain] INFO  o.s.b.w.e.tomcat.TomcatWebServer - Tomcat started on port 8082 (http) with context path ''
12-04-02024 [restartedMain] INFO  com.demo.DemoLoggingApplication - Started DemoLoggingApplication in 1.302 seconds (process running for 1.763)
12-04-02024 [RMI TCP Connection(10)-127.0.0.1] INFO  o.s.b.a.SpringApplicationAdminMXBeanRegistrar$SpringApplicationAdmin - Application shutdown requested.
